<?xml version="1.0" encoding="UTF-8"?>
<!-- Generated by org.testng.reporters.JUnitXMLReporter -->
<testsuite ignored="0" hostname="DESKTOP-IER6QUF" failures="0" tests="1" name="Test_Chorme" time="0.109" errors="0" timestamp="2022-08-15T15:27:11 IST">
  <testcase classname="Test2.BaseClass" name="@BeforeMethod BM" time="0.01">
    <failure type="java.lang.NullPointerException" message="Cannot invoke &amp;quot;org.openqa.selenium.WebDriver.get(String)&amp;quot; because &amp;quot;this.driver&amp;quot; is null">
      <![CDATA[java.lang.NullPointerException: Cannot invoke "org.openqa.selenium.WebDriver.get(String)" because "this.driver" is null
at Test2.BaseClass.BM(BaseClass.java:29)
at java.base/java.util.ArrayList.forEach(ArrayList.java:1511)
... Removed 29 stack frames]]>
    </failure>
  </testcase> <!-- @BeforeMethod BM -->
  <testcase classname="Test2.BaseClass" name="@AfterMethod AM" time="-1.660557431719E9">
    <skipped/>
  </testcase> <!-- @AfterMethod AM -->
  <testcase classname="Test2.Test_D_4_Task" name="Test1" time="0.0">
    <skipped/>
  </testcase> <!-- Test1 -->
</testsuite> <!-- Test_Chorme -->
