<?xml version="1.0" encoding="UTF-8"?>
<!-- Generated by org.testng.reporters.JUnitXMLReporter -->
<testsuite ignored="0" hostname="DESKTOP-IER6QUF" failures="1" tests="1" name="Test1" time="78.453" errors="0" timestamp="2022-08-15T16:51:59 IST">
  <testcase classname="Test2.Test_D_5_Task" name="Test4" time="52.081">
    <failure type="java.lang.AssertionError" message="expected [Happy Independance Day] but found []">
      <![CDATA[java.lang.AssertionError: expected [Happy Independance Day] but found []
at Test2.Test_D_5_Task.Test4(Test_D_5_Task.java:54)
at java.base/java.util.ArrayList.forEach(ArrayList.java:1511)
... Removed 31 stack frames]]>
    </failure>
  </testcase> <!-- Test4 -->
</testsuite> <!-- Test1 -->
