<?xml version="1.0" encoding="UTF-8"?>
<!-- Generated by org.testng.reporters.JUnitXMLReporter -->
<testsuite ignored="1" hostname="DESKTOP-IER6QUF" failures="0" tests="2" name="Test_Chrome" time="45.356" errors="0" timestamp="2022-08-15T15:38:50 IST">
  <testcase classname="Test2.Test_D_1" name="Test1" time="0.028"/>
  <testcase classname="Test2.Test_D_1" name="Test2" time="0.001"/>
  <testcase classname="Test2.Test_D_1" name="Test3" time="0.0">
    <ignored/>
  </testcase> <!-- Test3 -->
</testsuite> <!-- Test_Chrome -->
