<?xml version="1.0" encoding="UTF-8"?>
<testng-results ignored="0" total="1" passed="1" failed="0" skipped="0">
  <reporter-output>
  </reporter-output>
  <suite started-at="2022-08-17T11:13:12 IST" name="Default suite" finished-at="2022-08-17T11:13:47 IST" duration-ms="34793">
    <groups>
    </groups>
    <test started-at="2022-08-17T11:13:12 IST" name="Default test" finished-at="2022-08-17T11:13:47 IST" duration-ms="34793">
      <class name="Test2.Test_D_7_Scrool_Method">
        <test-method signature="scrool1()[pri:0, instance:Test2.Test_D_7_Scrool_Method@55b7a4e0]" started-at="2022-08-17T11:13:12 IST" name="scrool1" finished-at="2022-08-17T11:13:47 IST" duration-ms="34643" status="PASS">
          <reporter-output>
          </reporter-output>
        </test-method> <!-- scrool1 -->
      </class> <!-- Test2.Test_D_7_Scrool_Method -->
    </test> <!-- Default test -->
  </suite> <!-- Default suite -->
</testng-results>
